<?xml version="1.0" encoding="UTF-8"?>
<!-- Generated by org.testng.reporters.JUnitReportReporter -->
<testsuite skipped="0" hostname="rishi-Lenovo" name="org.ga4gh.ComplianceFramework.RequestsRestAssuredTest" tests="7" failures="0" timestamp="17 Aug 2019 18:23:49 GMT" time="0.666" errors="0">
  <testcase name="GETWithQueryParamsTest" time="0.077" classname="org.ga4gh.ComplianceFramework.RequestsRestAssuredTest"/>
  <testcase name="GETWithHeadersAndQueryParamsTest" time="0.313" classname="org.ga4gh.ComplianceFramework.RequestsRestAssuredTest"/>
  <testcase name="POSTTest" time="0.053" classname="org.ga4gh.ComplianceFramework.RequestsRestAssuredTest"/>
  <testcase name="GETWithHeadersTest" time="0.047" classname="org.ga4gh.ComplianceFramework.RequestsRestAssuredTest"/>
  <testcase name="DELETETest" time="0.078" classname="org.ga4gh.ComplianceFramework.RequestsRestAssuredTest"/>
  <testcase name="PUTTest" time="0.049" classname="org.ga4gh.ComplianceFramework.RequestsRestAssuredTest"/>
  <testcase name="GETTest" time="0.049" classname="org.ga4gh.ComplianceFramework.RequestsRestAssuredTest"/>
</testsuite> <!-- org.ga4gh.ComplianceFramework.RequestsRestAssuredTest -->
