<?xml version="1.0" encoding="UTF-8"?>
<!-- Generated by org.testng.reporters.JUnitReportReporter -->
<testsuite skipped="0" hostname="rishi-Lenovo" name="org.ga4gh.ComplianceFramework.ServerTest" tests="4" failures="0" timestamp="17 Aug 2019 18:23:49 GMT" time="0.028" errors="0">
  <testcase name="setAndGetServerTest" time="0.006" classname="org.ga4gh.ComplianceFramework.ServerTest"/>
  <testcase name="getServerUrlTest" time="0.001" classname="org.ga4gh.ComplianceFramework.ServerTest"/>
  <testcase name="getServerPropertyTest" time="0.020" classname="org.ga4gh.ComplianceFramework.ServerTest"/>
  <testcase name="getUrlPropertiesTest" time="0.001" classname="org.ga4gh.ComplianceFramework.ServerTest"/>
</testsuite> <!-- org.ga4gh.ComplianceFramework.ServerTest -->
