<?xml version="1.0" encoding="UTF-8"?>
<!-- Generated by org.testng.reporters.JUnitReportReporter -->
<testsuite skipped="0" hostname="rishi-Lenovo" name="org.ga4gh.ComplianceFramework.TestingFrameworkTest" tests="9" failures="0" timestamp="17 Aug 2019 18:23:49 GMT" time="2.695" errors="0">
  <testcase name="getBodyXmlTest" time="0.145" classname="org.ga4gh.ComplianceFramework.TestingFrameworkTest"/>
  <testcase name="getStatusMessageTest" time="0.054" classname="org.ga4gh.ComplianceFramework.TestingFrameworkTest"/>
  <testcase name="checkHeaderPresentTest" time="1.555" classname="org.ga4gh.ComplianceFramework.TestingFrameworkTest"/>
  <testcase name="getBodyJsonTest" time="0.596" classname="org.ga4gh.ComplianceFramework.TestingFrameworkTest"/>
  <testcase name="checkSuccessTest" time="0.101" classname="org.ga4gh.ComplianceFramework.TestingFrameworkTest"/>
  <testcase name="getBodyStringTest" time="0.053" classname="org.ga4gh.ComplianceFramework.TestingFrameworkTest"/>
  <testcase name="getStatusCodeTest" time="0.052" classname="org.ga4gh.ComplianceFramework.TestingFrameworkTest"/>
  <testcase name="validateResponseHeaderTest" time="0.040" classname="org.ga4gh.ComplianceFramework.TestingFrameworkTest"/>
  <testcase name="validateResponseBodyWithLocalFileTest" time="0.099" classname="org.ga4gh.ComplianceFramework.TestingFrameworkTest"/>
</testsuite> <!-- org.ga4gh.ComplianceFramework.TestingFrameworkTest -->
