<?xml version="1.0" encoding="UTF-8"?>
<!-- Generated by org.testng.reporters.JUnitReportReporter -->
<testsuite skipped="0" hostname="rishi-Lenovo" name="org.ga4gh.RefgetTestSuite.InfoEndpointTest" tests="6" failures="0" timestamp="15 Aug 2019 19:21:33 GMT" time="4.779" errors="0">
  <testcase name="getServiceInfoSupportedApi" time="0.627" classname="org.ga4gh.RefgetTestSuite.InfoEndpointTest"/>
  <testcase name="getServiceInfoSubsequenceLimit" time="0.653" classname="org.ga4gh.RefgetTestSuite.InfoEndpointTest"/>
  <testcase name="getServiceInfoWithInvalidHeader" time="0.623" classname="org.ga4gh.RefgetTestSuite.InfoEndpointTest"/>
  <testcase name="getServiceInfoWithoutAcceptHeader" time="0.626" classname="org.ga4gh.RefgetTestSuite.InfoEndpointTest"/>
  <testcase name="getServiceInfoAlgorithms" time="1.392" classname="org.ga4gh.RefgetTestSuite.InfoEndpointTest"/>
  <testcase name="getServiceInfoCircular" time="0.858" classname="org.ga4gh.RefgetTestSuite.InfoEndpointTest"/>
</testsuite> <!-- org.ga4gh.RefgetTestSuite.InfoEndpointTest -->
