<?xml version="1.0" encoding="UTF-8"?>
<!-- Generated by org.testng.reporters.JUnitReportReporter -->
<testsuite skipped="1" hostname="rishi-Lenovo" name="org.ga4gh.RefgetTestSuite.SequenceEndpointTest" tests="18" failures="0" timestamp="15 Aug 2019 19:21:33 GMT" time="185.879" errors="0">
  <testcase name="getCircularSequenceSuccessCases" time="2.220" classname="org.ga4gh.RefgetTestSuite.SequenceEndpointTest"/>
  <testcase name="getSequenceWithInvalidRangeHeadersErrorCases" time="4.478" classname="org.ga4gh.RefgetTestSuite.SequenceEndpointTest"/>
  <testcase name="getSequenceWithInvalidStartAndEndParameterErrorCases" time="1.914" classname="org.ga4gh.RefgetTestSuite.SequenceEndpointTest"/>
  <testcase name="getSequenceWithRangeHeaders" time="0.555" classname="org.ga4gh.RefgetTestSuite.SequenceEndpointTest"/>
  <testcase name="getCircularSequenceWithoutCircularSupportErrorCases" time="0.003" classname="org.ga4gh.RefgetTestSuite.SequenceEndpointTest">
    <skipped/>
  </testcase> <!-- getCircularSequenceWithoutCircularSupportErrorCases -->
  <testcase name="getSequenceWithRangeHeadersSuccessCases" time="68.239" classname="org.ga4gh.RefgetTestSuite.SequenceEndpointTest"/>
  <testcase name="getSequenceWithHeaders" time="2.883" classname="org.ga4gh.RefgetTestSuite.SequenceEndpointTest"/>
  <testcase name="getSequenceWithStartAndEndParameter" time="10.244" classname="org.ga4gh.RefgetTestSuite.SequenceEndpointTest"/>
  <testcase name="getSequenceWithInvalidHeaders" time="0.625" classname="org.ga4gh.RefgetTestSuite.SequenceEndpointTest"/>
  <testcase name="getSequenceSha512" time="2.476" classname="org.ga4gh.RefgetTestSuite.SequenceEndpointTest"/>
  <testcase name="getSequenceWithOutOfBoundStartAndEndParameterErrorCases" time="2.864" classname="org.ga4gh.RefgetTestSuite.SequenceEndpointTest"/>
  <testcase name="getInvalidSequence" time="0.652" classname="org.ga4gh.RefgetTestSuite.SequenceEndpointTest"/>
  <testcase name="getSequence" time="2.637" classname="org.ga4gh.RefgetTestSuite.SequenceEndpointTest"/>
  <testcase name="getSequenceWithOutOfBoundRangeHeadersErrorCases" time="4.167" classname="org.ga4gh.RefgetTestSuite.SequenceEndpointTest"/>
  <testcase name="getSequenceWithStartParameter" time="13.117" classname="org.ga4gh.RefgetTestSuite.SequenceEndpointTest"/>
  <testcase name="getCircularSequence" time="1.291" classname="org.ga4gh.RefgetTestSuite.SequenceEndpointTest"/>
  <testcase name="getCircularSequenceWithCircularSupportErrorCases" time="1.274" classname="org.ga4gh.RefgetTestSuite.SequenceEndpointTest"/>
  <testcase name="getSequenceWithStartAndEndParameterSuccessCases" time="66.240" classname="org.ga4gh.RefgetTestSuite.SequenceEndpointTest"/>
</testsuite> <!-- org.ga4gh.RefgetTestSuite.SequenceEndpointTest -->
