<?xml version="1.0" encoding="UTF-8"?>
<!-- Generated by org.testng.reporters.JUnitReportReporter -->
<testsuite skipped="0" hostname="rishi-Lenovo" name="org.ga4gh.RefgetTestSuite.MetadataEndpointTest" tests="11" failures="0" timestamp="15 Aug 2019 19:21:33 GMT" time="7.351" errors="0">
  <testcase name="getMetadataMd5" time="0.630" classname="org.ga4gh.RefgetTestSuite.MetadataEndpointTest"/>
  <testcase name="getSequenceMetadataSha512" time="0.639" classname="org.ga4gh.RefgetTestSuite.MetadataEndpointTest"/>
  <testcase name="getSequenceMetadata" time="0.626" classname="org.ga4gh.RefgetTestSuite.MetadataEndpointTest"/>
  <testcase name="getMetadataLength" time="0.633" classname="org.ga4gh.RefgetTestSuite.MetadataEndpointTest"/>
  <testcase name="getMetadataResponseCheck" time="0.629" classname="org.ga4gh.RefgetTestSuite.MetadataEndpointTest"/>
  <testcase name="getSequenceMetadataWithoutAcceptHeader" time="0.642" classname="org.ga4gh.RefgetTestSuite.MetadataEndpointTest"/>
  <testcase name="getMetadataWithInvalidHeader" time="0.654" classname="org.ga4gh.RefgetTestSuite.MetadataEndpointTest"/>
  <testcase name="getInvalidSequenceMetadata" time="0.639" classname="org.ga4gh.RefgetTestSuite.MetadataEndpointTest"/>
  <testcase name="getCircularSequenceMetadata" time="0.956" classname="org.ga4gh.RefgetTestSuite.MetadataEndpointTest"/>
  <testcase name="getMetadataTrunc512" time="0.645" classname="org.ga4gh.RefgetTestSuite.MetadataEndpointTest"/>
  <testcase name="getMetadataAliases" time="0.658" classname="org.ga4gh.RefgetTestSuite.MetadataEndpointTest"/>
</testsuite> <!-- org.ga4gh.RefgetTestSuite.MetadataEndpointTest -->
